2014/05/20 13:48:38 [error] [php] Object of class CTheme could not be converted to string (/var/www/html/noc/protected/controllers/SiteController.php:32)
Stack trace:
#0 /var/www/html/yii/framework/web/CController.php(286): SiteController->runAction()
#1 /var/www/html/yii/framework/web/CController.php(265): SiteController->runActionWithFilters()
#2 /var/www/html/yii/framework/web/CWebApplication.php(282): SiteController->run()
#3 /var/www/html/yii/framework/web/CWebApplication.php(141): CWebApplication->runController()
#4 /var/www/html/yii/framework/base/CApplication.php(180): CWebApplication->processRequest()
#5 /var/www/html/noc/index.php(13): CWebApplication->run()
REQUEST_URI=/noc/index.php
in /var/www/html/noc/protected/controllers/SiteController.php (32)
in /var/www/html/noc/index.php (13)
2014/05/27 16:40:02 [error] [exception.CException] exception 'CException' with message 'CAssetManager.basePath "C:\inetpub\wwwroot\noc\assets" is invalid. Please make sure the directory exists and is writable by the Web server process.' in C:\inetpub\wwwroot\yii\framework\web\CAssetManager.php:138
Stack trace:
#0 C:\inetpub\wwwroot\yii\framework\web\CAssetManager.php(123): CAssetManager->setBasePath('C:\inetpub\wwwr...')
#1 C:\inetpub\wwwroot\yii\framework\web\CAssetManager.php(217): CAssetManager->getBasePath()
#2 C:\inetpub\wwwroot\yii\framework\gii\GiiModule.php(142): CAssetManager->publish('C:\inetpub\wwwr...')
#3 C:\inetpub\wwwroot\yii\framework\base\CComponent.php(111): GiiModule->getAssetsUrl()
#4 C:\inetpub\wwwroot\yii\framework\base\CModule.php(105): CComponent->__get('assetsUrl')
#5 C:\inetpub\wwwroot\yii\framework\gii\views\layouts\main.php(5): CModule->__get('assetsUrl')
#6 C:\inetpub\wwwroot\yii\framework\web\CBaseController.php(126): require('C:\inetpub\wwwr...')
#7 C:\inetpub\wwwroot\yii\framework\web\CBaseController.php(95): CBaseController->renderInternal('C:\inetpub\wwwr...', Array, true)
#8 C:\inetpub\wwwroot\yii\framework\web\widgets\CContentDecorator.php(76): CBaseController->renderFile('C:\inetpub\wwwr...', Array, true)
#9 C:\inetpub\wwwroot\yii\framework\web\widgets\CContentDecorator.php(54): CContentDecorator->decorate('<div class="con...')
#10 C:\inetpub\wwwroot\yii\framework\web\widgets\COutputProcessor.php(44): CContentDecorator->processOutput('<div class="con...')
#11 C:\inetpub\wwwroot\yii\framework\web\CBaseController.php(206): COutputProcessor->run()
#12 C:\inetpub\wwwroot\yii\framework\web\CBaseController.php(300): CBaseController->endWidget('CContentDecorat...')
#13 C:\inetpub\wwwroot\yii\framework\gii\views\layouts\column1.php(7): CBaseController->endContent()
#14 C:\inetpub\wwwroot\yii\framework\web\CBaseController.php(126): require('C:\inetpub\wwwr...')
#15 C:\inetpub\wwwroot\yii\framework\web\CBaseController.php(95): CBaseController->renderInternal('C:\inetpub\wwwr...', Array, true)
#16 C:\inetpub\wwwroot\yii\framework\web\CController.php(784): CBaseController->renderFile('C:\inetpub\wwwr...', Array, true)
#17 C:\inetpub\wwwroot\yii\framework\gii\controllers\DefaultController.php(47): CController->render('login', Array)
#18 C:\inetpub\wwwroot\yii\framework\web\actions\CInlineAction.php(49): DefaultController->actionLogin()
#19 C:\inetpub\wwwroot\yii\framework\web\CController.php(308): CInlineAction->runWithParams(Array)
#20 C:\inetpub\wwwroot\yii\framework\web\CController.php(286): CController->runAction(Object(CInlineAction))
#21 C:\inetpub\wwwroot\yii\framework\web\CController.php(265): CController->runActionWithFilters(Object(CInlineAction), Array)
#22 C:\inetpub\wwwroot\yii\framework\web\CWebApplication.php(282): CController->run('login')
#23 C:\inetpub\wwwroot\yii\framework\web\CWebApplication.php(141): CWebApplication->runController('gii/default/log...')
#24 C:\inetpub\wwwroot\yii\framework\base\CApplication.php(169): CWebApplication->processRequest()
#25 C:\inetpub\wwwroot\noc\index.php(13): CApplication->run()
#26 {main}
REQUEST_URI=/noc/index.php?r=gii/default/login
---
2014/05/27 16:40:30 [error] [exception.CException] exception 'CException' with message 'CAssetManager.basePath "C:\inetpub\wwwroot\noc\assets" is invalid. Please make sure the directory exists and is writable by the Web server process.' in C:\inetpub\wwwroot\yii\framework\web\CAssetManager.php:138
Stack trace:
#0 C:\inetpub\wwwroot\yii\framework\web\CAssetManager.php(123): CAssetManager->setBasePath('C:\inetpub\wwwr...')
#1 C:\inetpub\wwwroot\yii\framework\web\CAssetManager.php(217): CAssetManager->getBasePath()
#2 C:\inetpub\wwwroot\yii\framework\gii\GiiModule.php(142): CAssetManager->publish('C:\inetpub\wwwr...')
#3 C:\inetpub\wwwroot\yii\framework\base\CComponent.php(111): GiiModule->getAssetsUrl()
#4 C:\inetpub\wwwroot\yii\framework\base\CModule.php(105): CComponent->__get('assetsUrl')
#5 C:\inetpub\wwwroot\yii\framework\gii\views\layouts\main.php(5): CModule->__get('assetsUrl')
#6 C:\inetpub\wwwroot\yii\framework\web\CBaseController.php(126): require('C:\inetpub\wwwr...')
#7 C:\inetpub\wwwroot\yii\framework\web\CBaseController.php(95): CBaseController->renderInternal('C:\inetpub\wwwr...', Array, true)
#8 C:\inetpub\wwwroot\yii\framework\web\widgets\CContentDecorator.php(76): CBaseController->renderFile('C:\inetpub\wwwr...', Array, true)
#9 C:\inetpub\wwwroot\yii\framework\web\widgets\CContentDecorator.php(54): CContentDecorator->decorate('<div class="con...')
#10 C:\inetpub\wwwroot\yii\framework\web\widgets\COutputProcessor.php(44): CContentDecorator->processOutput('<div class="con...')
#11 C:\inetpub\wwwroot\yii\framework\web\CBaseController.php(206): COutputProcessor->run()
#12 C:\inetpub\wwwroot\yii\framework\web\CBaseController.php(300): CBaseController->endWidget('CContentDecorat...')
#13 C:\inetpub\wwwroot\yii\framework\gii\views\layouts\column1.php(7): CBaseController->endContent()
#14 C:\inetpub\wwwroot\yii\framework\web\CBaseController.php(126): require('C:\inetpub\wwwr...')
#15 C:\inetpub\wwwroot\yii\framework\web\CBaseController.php(95): CBaseController->renderInternal('C:\inetpub\wwwr...', Array, true)
#16 C:\inetpub\wwwroot\yii\framework\web\CController.php(784): CBaseController->renderFile('C:\inetpub\wwwr...', Array, true)
#17 C:\inetpub\wwwroot\yii\framework\gii\controllers\DefaultController.php(47): CController->render('login', Array)
#18 C:\inetpub\wwwroot\yii\framework\web\actions\CInlineAction.php(49): DefaultController->actionLogin()
#19 C:\inetpub\wwwroot\yii\framework\web\CController.php(308): CInlineAction->runWithParams(Array)
#20 C:\inetpub\wwwroot\yii\framework\web\CController.php(286): CController->runAction(Object(CInlineAction))
#21 C:\inetpub\wwwroot\yii\framework\web\CController.php(265): CController->runActionWithFilters(Object(CInlineAction), Array)
#22 C:\inetpub\wwwroot\yii\framework\web\CWebApplication.php(282): CController->run('login')
#23 C:\inetpub\wwwroot\yii\framework\web\CWebApplication.php(141): CWebApplication->runController('gii/default/log...')
#24 C:\inetpub\wwwroot\yii\framework\base\CApplication.php(169): CWebApplication->processRequest()
#25 C:\inetpub\wwwroot\noc\index.php(13): CApplication->run()
#26 {main}
REQUEST_URI=/noc/index.php?r=gii/default/login
---
2014/05/27 16:40:43 [error] [exception.CException] exception 'CException' with message 'CAssetManager.basePath "C:\inetpub\wwwroot\noc\assets" is invalid. Please make sure the directory exists and is writable by the Web server process.' in C:\inetpub\wwwroot\yii\framework\web\CAssetManager.php:138
Stack trace:
#0 C:\inetpub\wwwroot\yii\framework\web\CAssetManager.php(123): CAssetManager->setBasePath('C:\inetpub\wwwr...')
#1 C:\inetpub\wwwroot\yii\framework\web\CAssetManager.php(217): CAssetManager->getBasePath()
#2 C:\inetpub\wwwroot\yii\framework\gii\GiiModule.php(142): CAssetManager->publish('C:\inetpub\wwwr...')
#3 C:\inetpub\wwwroot\yii\framework\base\CComponent.php(111): GiiModule->getAssetsUrl()
#4 C:\inetpub\wwwroot\yii\framework\base\CModule.php(105): CComponent->__get('assetsUrl')
#5 C:\inetpub\wwwroot\yii\framework\gii\views\layouts\main.php(5): CModule->__get('assetsUrl')
#6 C:\inetpub\wwwroot\yii\framework\web\CBaseController.php(126): require('C:\inetpub\wwwr...')
#7 C:\inetpub\wwwroot\yii\framework\web\CBaseController.php(95): CBaseController->renderInternal('C:\inetpub\wwwr...', Array, true)
#8 C:\inetpub\wwwroot\yii\framework\web\widgets\CContentDecorator.php(76): CBaseController->renderFile('C:\inetpub\wwwr...', Array, true)
#9 C:\inetpub\wwwroot\yii\framework\web\widgets\CContentDecorator.php(54): CContentDecorator->decorate('<div class="con...')
#10 C:\inetpub\wwwroot\yii\framework\web\widgets\COutputProcessor.php(44): CContentDecorator->processOutput('<div class="con...')
#11 C:\inetpub\wwwroot\yii\framework\web\CBaseController.php(206): COutputProcessor->run()
#12 C:\inetpub\wwwroot\yii\framework\web\CBaseController.php(300): CBaseController->endWidget('CContentDecorat...')
#13 C:\inetpub\wwwroot\yii\framework\gii\views\layouts\column1.php(7): CBaseController->endContent()
#14 C:\inetpub\wwwroot\yii\framework\web\CBaseController.php(126): require('C:\inetpub\wwwr...')
#15 C:\inetpub\wwwroot\yii\framework\web\CBaseController.php(95): CBaseController->renderInternal('C:\inetpub\wwwr...', Array, true)
#16 C:\inetpub\wwwroot\yii\framework\web\CController.php(784): CBaseController->renderFile('C:\inetpub\wwwr...', Array, true)
#17 C:\inetpub\wwwroot\yii\framework\gii\controllers\DefaultController.php(47): CController->render('login', Array)
#18 C:\inetpub\wwwroot\yii\framework\web\actions\CInlineAction.php(49): DefaultController->actionLogin()
#19 C:\inetpub\wwwroot\yii\framework\web\CController.php(308): CInlineAction->runWithParams(Array)
#20 C:\inetpub\wwwroot\yii\framework\web\CController.php(286): CController->runAction(Object(CInlineAction))
#21 C:\inetpub\wwwroot\yii\framework\web\CController.php(265): CController->runActionWithFilters(Object(CInlineAction), Array)
#22 C:\inetpub\wwwroot\yii\framework\web\CWebApplication.php(282): CController->run('login')
#23 C:\inetpub\wwwroot\yii\framework\web\CWebApplication.php(141): CWebApplication->runController('gii/default/log...')
#24 C:\inetpub\wwwroot\yii\framework\base\CApplication.php(169): CWebApplication->processRequest()
#25 C:\inetpub\wwwroot\noc\index.php(13): CApplication->run()
#26 {main}
REQUEST_URI=/noc/index.php?r=gii/default/login
---
2014/05/27 16:42:00 [error] [exception.CException] exception 'CException' with message 'CAssetManager.basePath "C:\inetpub\wwwroot\noc\assets" is invalid. Please make sure the directory exists and is writable by the Web server process.' in C:\inetpub\wwwroot\yii\framework\web\CAssetManager.php:138
Stack trace:
#0 C:\inetpub\wwwroot\yii\framework\web\CAssetManager.php(123): CAssetManager->setBasePath('C:\inetpub\wwwr...')
#1 C:\inetpub\wwwroot\yii\framework\web\CAssetManager.php(217): CAssetManager->getBasePath()
#2 C:\inetpub\wwwroot\yii\framework\gii\GiiModule.php(142): CAssetManager->publish('C:\inetpub\wwwr...')
#3 C:\inetpub\wwwroot\yii\framework\base\CComponent.php(111): GiiModule->getAssetsUrl()
#4 C:\inetpub\wwwroot\yii\framework\base\CModule.php(105): CComponent->__get('assetsUrl')
#5 C:\inetpub\wwwroot\yii\framework\gii\views\layouts\main.php(5): CModule->__get('assetsUrl')
#6 C:\inetpub\wwwroot\yii\framework\web\CBaseController.php(126): require('C:\inetpub\wwwr...')
#7 C:\inetpub\wwwroot\yii\framework\web\CBaseController.php(95): CBaseController->renderInternal('C:\inetpub\wwwr...', Array, true)
#8 C:\inetpub\wwwroot\yii\framework\web\widgets\CContentDecorator.php(76): CBaseController->renderFile('C:\inetpub\wwwr...', Array, true)
#9 C:\inetpub\wwwroot\yii\framework\web\widgets\CContentDecorator.php(54): CContentDecorator->decorate('<div class="con...')
#10 C:\inetpub\wwwroot\yii\framework\web\widgets\COutputProcessor.php(44): CContentDecorator->processOutput('<div class="con...')
#11 C:\inetpub\wwwroot\yii\framework\web\CBaseController.php(206): COutputProcessor->run()
#12 C:\inetpub\wwwroot\yii\framework\web\CBaseController.php(300): CBaseController->endWidget('CContentDecorat...')
#13 C:\inetpub\wwwroot\yii\framework\gii\views\layouts\column1.php(7): CBaseController->endContent()
#14 C:\inetpub\wwwroot\yii\framework\web\CBaseController.php(126): require('C:\inetpub\wwwr...')
#15 C:\inetpub\wwwroot\yii\framework\web\CBaseController.php(95): CBaseController->renderInternal('C:\inetpub\wwwr...', Array, true)
#16 C:\inetpub\wwwroot\yii\framework\web\CController.php(784): CBaseController->renderFile('C:\inetpub\wwwr...', Array, true)
#17 C:\inetpub\wwwroot\yii\framework\gii\controllers\DefaultController.php(47): CController->render('login', Array)
#18 C:\inetpub\wwwroot\yii\framework\web\actions\CInlineAction.php(49): DefaultController->actionLogin()
#19 C:\inetpub\wwwroot\yii\framework\web\CController.php(308): CInlineAction->runWithParams(Array)
#20 C:\inetpub\wwwroot\yii\framework\web\CController.php(286): CController->runAction(Object(CInlineAction))
#21 C:\inetpub\wwwroot\yii\framework\web\CController.php(265): CController->runActionWithFilters(Object(CInlineAction), Array)
#22 C:\inetpub\wwwroot\yii\framework\web\CWebApplication.php(282): CController->run('login')
#23 C:\inetpub\wwwroot\yii\framework\web\CWebApplication.php(141): CWebApplication->runController('gii/default/log...')
#24 C:\inetpub\wwwroot\yii\framework\base\CApplication.php(169): CWebApplication->processRequest()
#25 C:\inetpub\wwwroot\noc\index.php(13): CApplication->run()
#26 {main}
REQUEST_URI=/noc/index.php?r=gii/default/login
---
2014/05/27 16:47:25 [error] [exception.CException] exception 'CException' with message 'CAssetManager.basePath "C:\inetpub\wwwroot\noc\assets" is invalid. Please make sure the directory exists and is writable by the Web server process.' in C:\inetpub\wwwroot\yii\framework\web\CAssetManager.php:138
Stack trace:
#0 C:\inetpub\wwwroot\yii\framework\web\CAssetManager.php(123): CAssetManager->setBasePath('C:\inetpub\wwwr...')
#1 C:\inetpub\wwwroot\yii\framework\web\CAssetManager.php(217): CAssetManager->getBasePath()
#2 C:\inetpub\wwwroot\yii\framework\gii\GiiModule.php(142): CAssetManager->publish('C:\inetpub\wwwr...')
#3 C:\inetpub\wwwroot\yii\framework\base\CComponent.php(111): GiiModule->getAssetsUrl()
#4 C:\inetpub\wwwroot\yii\framework\base\CModule.php(105): CComponent->__get('assetsUrl')
#5 C:\inetpub\wwwroot\yii\framework\gii\views\layouts\main.php(5): CModule->__get('assetsUrl')
#6 C:\inetpub\wwwroot\yii\framework\web\CBaseController.php(126): require('C:\inetpub\wwwr...')
#7 C:\inetpub\wwwroot\yii\framework\web\CBaseController.php(95): CBaseController->renderInternal('C:\inetpub\wwwr...', Array, true)
#8 C:\inetpub\wwwroot\yii\framework\web\widgets\CContentDecorator.php(76): CBaseController->renderFile('C:\inetpub\wwwr...', Array, true)
#9 C:\inetpub\wwwroot\yii\framework\web\widgets\CContentDecorator.php(54): CContentDecorator->decorate('<div class="con...')
#10 C:\inetpub\wwwroot\yii\framework\web\widgets\COutputProcessor.php(44): CContentDecorator->processOutput('<div class="con...')
#11 C:\inetpub\wwwroot\yii\framework\web\CBaseController.php(206): COutputProcessor->run()
#12 C:\inetpub\wwwroot\yii\framework\web\CBaseController.php(300): CBaseController->endWidget('CContentDecorat...')
#13 C:\inetpub\wwwroot\yii\framework\gii\views\layouts\column1.php(7): CBaseController->endContent()
#14 C:\inetpub\wwwroot\yii\framework\web\CBaseController.php(126): require('C:\inetpub\wwwr...')
#15 C:\inetpub\wwwroot\yii\framework\web\CBaseController.php(95): CBaseController->renderInternal('C:\inetpub\wwwr...', Array, true)
#16 C:\inetpub\wwwroot\yii\framework\web\CController.php(784): CBaseController->renderFile('C:\inetpub\wwwr...', Array, true)
#17 C:\inetpub\wwwroot\yii\framework\gii\controllers\DefaultController.php(47): CController->render('login', Array)
#18 C:\inetpub\wwwroot\yii\framework\web\actions\CInlineAction.php(49): DefaultController->actionLogin()
#19 C:\inetpub\wwwroot\yii\framework\web\CController.php(308): CInlineAction->runWithParams(Array)
#20 C:\inetpub\wwwroot\yii\framework\web\CController.php(286): CController->runAction(Object(CInlineAction))
#21 C:\inetpub\wwwroot\yii\framework\web\CController.php(265): CController->runActionWithFilters(Object(CInlineAction), Array)
#22 C:\inetpub\wwwroot\yii\framework\web\CWebApplication.php(282): CController->run('login')
#23 C:\inetpub\wwwroot\yii\framework\web\CWebApplication.php(141): CWebApplication->runController('gii/default/log...')
#24 C:\inetpub\wwwroot\yii\framework\base\CApplication.php(169): CWebApplication->processRequest()
#25 C:\inetpub\wwwroot\noc\index.php(13): CApplication->run()
#26 {main}
REQUEST_URI=/noc/index.php?r=gii/default/login
---
2014/05/27 16:57:46 [error] [exception.CException] exception 'CException' with message 'CAssetManager.basePath "C:\inetpub\wwwroot\noc\assets" is invalid. Please make sure the directory exists and is writable by the Web server process.' in C:\inetpub\wwwroot\yii\framework\web\CAssetManager.php:138
Stack trace:
#0 C:\inetpub\wwwroot\yii\framework\web\CAssetManager.php(123): CAssetManager->setBasePath('C:\inetpub\wwwr...')
#1 C:\inetpub\wwwroot\yii\framework\web\CAssetManager.php(217): CAssetManager->getBasePath()
#2 C:\inetpub\wwwroot\yii\framework\gii\GiiModule.php(142): CAssetManager->publish('C:\inetpub\wwwr...')
#3 C:\inetpub\wwwroot\yii\framework\base\CComponent.php(111): GiiModule->getAssetsUrl()
#4 C:\inetpub\wwwroot\yii\framework\base\CModule.php(105): CComponent->__get('assetsUrl')
#5 C:\inetpub\wwwroot\yii\framework\gii\views\layouts\main.php(5): CModule->__get('assetsUrl')
#6 C:\inetpub\wwwroot\yii\framework\web\CBaseController.php(126): require('C:\inetpub\wwwr...')
#7 C:\inetpub\wwwroot\yii\framework\web\CBaseController.php(95): CBaseController->renderInternal('C:\inetpub\wwwr...', Array, true)
#8 C:\inetpub\wwwroot\yii\framework\web\widgets\CContentDecorator.php(76): CBaseController->renderFile('C:\inetpub\wwwr...', Array, true)
#9 C:\inetpub\wwwroot\yii\framework\web\widgets\CContentDecorator.php(54): CContentDecorator->decorate('<div class="con...')
#10 C:\inetpub\wwwroot\yii\framework\web\widgets\COutputProcessor.php(44): CContentDecorator->processOutput('<div class="con...')
#11 C:\inetpub\wwwroot\yii\framework\web\CBaseController.php(206): COutputProcessor->run()
#12 C:\inetpub\wwwroot\yii\framework\web\CBaseController.php(300): CBaseController->endWidget('CContentDecorat...')
#13 C:\inetpub\wwwroot\yii\framework\gii\views\layouts\column1.php(7): CBaseController->endContent()
#14 C:\inetpub\wwwroot\yii\framework\web\CBaseController.php(126): require('C:\inetpub\wwwr...')
#15 C:\inetpub\wwwroot\yii\framework\web\CBaseController.php(95): CBaseController->renderInternal('C:\inetpub\wwwr...', Array, true)
#16 C:\inetpub\wwwroot\yii\framework\web\CController.php(784): CBaseController->renderFile('C:\inetpub\wwwr...', Array, true)
#17 C:\inetpub\wwwroot\yii\framework\gii\controllers\DefaultController.php(47): CController->render('login', Array)
#18 C:\inetpub\wwwroot\yii\framework\web\actions\CInlineAction.php(49): DefaultController->actionLogin()
#19 C:\inetpub\wwwroot\yii\framework\web\CController.php(308): CInlineAction->runWithParams(Array)
#20 C:\inetpub\wwwroot\yii\framework\web\CController.php(286): CController->runAction(Object(CInlineAction))
#21 C:\inetpub\wwwroot\yii\framework\web\CController.php(265): CController->runActionWithFilters(Object(CInlineAction), Array)
#22 C:\inetpub\wwwroot\yii\framework\web\CWebApplication.php(282): CController->run('login')
#23 C:\inetpub\wwwroot\yii\framework\web\CWebApplication.php(141): CWebApplication->runController('gii/default/log...')
#24 C:\inetpub\wwwroot\yii\framework\base\CApplication.php(169): CWebApplication->processRequest()
#25 C:\inetpub\wwwroot\noc\index.php(13): CApplication->run()
#26 {main}
REQUEST_URI=/noc/index.php?r=gii/default/login
---
2014/05/27 17:08:04 [error] [exception.CException] exception 'CException' with message 'Alias "bootstrap.widgets.TbBreadcrumbs" is invalid. Make sure it points to an existing directory or file.' in C:\inetpub\wwwroot\yii\framework\YiiBase.php:341
Stack trace:
#0 C:\inetpub\wwwroot\yii\framework\web\CWidgetFactory.php(146): YiiBase::import('bootstrap.widge...', true)
#1 C:\inetpub\wwwroot\yii\framework\web\CBaseController.php(146): CWidgetFactory->createWidget(Object(UserController), 'bootstrap.widge...', Array)
#2 C:\inetpub\wwwroot\yii\framework\web\CBaseController.php(172): CBaseController->createWidget('bootstrap.widge...', Array)
#3 C:\inetpub\wwwroot\noc\protected\views\layouts\main.php(407): CBaseController->widget('bootstrap.widge...', Array)
#4 C:\inetpub\wwwroot\yii\framework\web\CBaseController.php(126): require('C:\inetpub\wwwr...')
#5 C:\inetpub\wwwroot\yii\framework\web\CBaseController.php(95): CBaseController->renderInternal('C:\inetpub\wwwr...', Array, true)
#6 C:\inetpub\wwwroot\yii\framework\web\widgets\CContentDecorator.php(76): CBaseController->renderFile('C:\inetpub\wwwr...', Array, true)
#7 C:\inetpub\wwwroot\yii\framework\web\widgets\CContentDecorator.php(54): CContentDecorator->decorate('<div class="spa...')
#8 C:\inetpub\wwwroot\yii\framework\web\widgets\COutputProcessor.php(44): CContentDecorator->processOutput('<div class="spa...')
#9 C:\inetpub\wwwroot\yii\framework\web\CBaseController.php(206): COutputProcessor->run()
#10 C:\inetpub\wwwroot\yii\framework\web\CBaseController.php(300): CBaseController->endWidget('CContentDecorat...')
#11 C:\inetpub\wwwroot\noc\protected\views\layouts\column2.php(22): CBaseController->endContent()
#12 C:\inetpub\wwwroot\yii\framework\web\CBaseController.php(126): require('C:\inetpub\wwwr...')
#13 C:\inetpub\wwwroot\yii\framework\web\CBaseController.php(95): CBaseController->renderInternal('C:\inetpub\wwwr...', Array, true)
#14 C:\inetpub\wwwroot\yii\framework\web\CController.php(784): CBaseController->renderFile('C:\inetpub\wwwr...', Array, true)
#15 C:\inetpub\wwwroot\noc\protected\controllers\UserController.php(143): CController->render('admin', Array)
#16 C:\inetpub\wwwroot\yii\framework\web\actions\CInlineAction.php(49): UserController->actionAdmin()
#17 C:\inetpub\wwwroot\yii\framework\web\CController.php(308): CInlineAction->runWithParams(Array)
#18 C:\inetpub\wwwroot\yii\framework\web\filters\CFilterChain.php(133): CController->runAction(Object(CInlineAction))
#19 C:\inetpub\wwwroot\yii\framework\web\filters\CFilter.php(40): CFilterChain->run()
#20 C:\inetpub\wwwroot\yii\framework\web\CController.php(1145): CFilter->filter(Object(CFilterChain))
#21 C:\inetpub\wwwroot\yii\framework\web\filters\CInlineFilter.php(58): CController->filterAccessControl(Object(CFilterChain))
#22 C:\inetpub\wwwroot\yii\framework\web\filters\CFilterChain.php(130): CInlineFilter->filter(Object(CFilterChain))
#23 C:\inetpub\wwwroot\yii\framework\web\CController.php(291): CFilterChain->run()
#24 C:\inetpub\wwwroot\yii\framework\web\CController.php(265): CController->runActionWithFilters(Object(CInlineAction), Array)
#25 C:\inetpub\wwwroot\yii\framework\web\CWebApplication.php(282): CController->run('admin')
#26 C:\inetpub\wwwroot\yii\framework\web\CWebApplication.php(141): CWebApplication->runController('user/admin')
#27 C:\inetpub\wwwroot\yii\framework\base\CApplication.php(169): CWebApplication->processRequest()
#28 C:\inetpub\wwwroot\noc\index.php(13): CApplication->run()
#29 {main}
REQUEST_URI=/noc/index.php?r=user/admin
HTTP_REFERER=http://localhost/noc/index.php?r=site/login
---
2014/05/27 17:08:09 [error] [exception.CException] exception 'CException' with message 'Alias "bootstrap.widgets.TbBreadcrumbs" is invalid. Make sure it points to an existing directory or file.' in C:\inetpub\wwwroot\yii\framework\YiiBase.php:341
Stack trace:
#0 C:\inetpub\wwwroot\yii\framework\web\CWidgetFactory.php(146): YiiBase::import('bootstrap.widge...', true)
#1 C:\inetpub\wwwroot\yii\framework\web\CBaseController.php(146): CWidgetFactory->createWidget(Object(UserController), 'bootstrap.widge...', Array)
#2 C:\inetpub\wwwroot\yii\framework\web\CBaseController.php(172): CBaseController->createWidget('bootstrap.widge...', Array)
#3 C:\inetpub\wwwroot\noc\protected\views\layouts\main.php(407): CBaseController->widget('bootstrap.widge...', Array)
#4 C:\inetpub\wwwroot\yii\framework\web\CBaseController.php(126): require('C:\inetpub\wwwr...')
#5 C:\inetpub\wwwroot\yii\framework\web\CBaseController.php(95): CBaseController->renderInternal('C:\inetpub\wwwr...', Array, true)
#6 C:\inetpub\wwwroot\yii\framework\web\widgets\CContentDecorator.php(76): CBaseController->renderFile('C:\inetpub\wwwr...', Array, true)
#7 C:\inetpub\wwwroot\yii\framework\web\widgets\CContentDecorator.php(54): CContentDecorator->decorate('<div class="spa...')
#8 C:\inetpub\wwwroot\yii\framework\web\widgets\COutputProcessor.php(44): CContentDecorator->processOutput('<div class="spa...')
#9 C:\inetpub\wwwroot\yii\framework\web\CBaseController.php(206): COutputProcessor->run()
#10 C:\inetpub\wwwroot\yii\framework\web\CBaseController.php(300): CBaseController->endWidget('CContentDecorat...')
#11 C:\inetpub\wwwroot\noc\protected\views\layouts\column2.php(22): CBaseController->endContent()
#12 C:\inetpub\wwwroot\yii\framework\web\CBaseController.php(126): require('C:\inetpub\wwwr...')
#13 C:\inetpub\wwwroot\yii\framework\web\CBaseController.php(95): CBaseController->renderInternal('C:\inetpub\wwwr...', Array, true)
#14 C:\inetpub\wwwroot\yii\framework\web\CController.php(784): CBaseController->renderFile('C:\inetpub\wwwr...', Array, true)
#15 C:\inetpub\wwwroot\noc\protected\controllers\UserController.php(143): CController->render('admin', Array)
#16 C:\inetpub\wwwroot\yii\framework\web\actions\CInlineAction.php(49): UserController->actionAdmin()
#17 C:\inetpub\wwwroot\yii\framework\web\CController.php(308): CInlineAction->runWithParams(Array)
#18 C:\inetpub\wwwroot\yii\framework\web\filters\CFilterChain.php(133): CController->runAction(Object(CInlineAction))
#19 C:\inetpub\wwwroot\yii\framework\web\filters\CFilter.php(40): CFilterChain->run()
#20 C:\inetpub\wwwroot\yii\framework\web\CController.php(1145): CFilter->filter(Object(CFilterChain))
#21 C:\inetpub\wwwroot\yii\framework\web\filters\CInlineFilter.php(58): CController->filterAccessControl(Object(CFilterChain))
#22 C:\inetpub\wwwroot\yii\framework\web\filters\CFilterChain.php(130): CInlineFilter->filter(Object(CFilterChain))
#23 C:\inetpub\wwwroot\yii\framework\web\CController.php(291): CFilterChain->run()
#24 C:\inetpub\wwwroot\yii\framework\web\CController.php(265): CController->runActionWithFilters(Object(CInlineAction), Array)
#25 C:\inetpub\wwwroot\yii\framework\web\CWebApplication.php(282): CController->run('admin')
#26 C:\inetpub\wwwroot\yii\framework\web\CWebApplication.php(141): CWebApplication->runController('user/admin')
#27 C:\inetpub\wwwroot\yii\framework\base\CApplication.php(169): CWebApplication->processRequest()
#28 C:\inetpub\wwwroot\noc\index.php(13): CApplication->run()
#29 {main}
REQUEST_URI=/noc/index.php?r=user/admin
---
2014/05/27 19:55:04 [error] [exception.CException] exception 'CException' with message 'Property "CActiveDataProvider.countCriteria" is not defined.' in C:\inetpub\wwwroot\yii\framework\base\CComponent.php:173
Stack trace:
#0 C:\inetpub\wwwroot\yii\framework\web\CActiveDataProvider.php(83): CComponent->__set('countCriteria', Array)
#1 C:\inetpub\wwwroot\noc\protected\models\User.php(187): CActiveDataProvider->__construct(Object(User), Array)
#2 C:\inetpub\wwwroot\noc\protected\controllers\UserController.php(52): User->data('2', 'asc', '10', '0')
#3 C:\inetpub\wwwroot\yii\framework\web\actions\CInlineAction.php(49): UserController->actionData()
#4 C:\inetpub\wwwroot\yii\framework\web\CController.php(308): CInlineAction->runWithParams(Array)
#5 C:\inetpub\wwwroot\yii\framework\web\filters\CFilterChain.php(133): CController->runAction(Object(CInlineAction))
#6 C:\inetpub\wwwroot\yii\framework\web\filters\CFilter.php(40): CFilterChain->run()
#7 C:\inetpub\wwwroot\yii\framework\web\CController.php(1145): CFilter->filter(Object(CFilterChain))
#8 C:\inetpub\wwwroot\yii\framework\web\filters\CInlineFilter.php(58): CController->filterAccessControl(Object(CFilterChain))
#9 C:\inetpub\wwwroot\yii\framework\web\filters\CFilterChain.php(130): CInlineFilter->filter(Object(CFilterChain))
#10 C:\inetpub\wwwroot\yii\framework\web\CController.php(291): CFilterChain->run()
#11 C:\inetpub\wwwroot\yii\framework\web\CController.php(265): CController->runActionWithFilters(Object(CInlineAction), Array)
#12 C:\inetpub\wwwroot\yii\framework\web\CWebApplication.php(282): CController->run('data')
#13 C:\inetpub\wwwroot\yii\framework\web\CWebApplication.php(141): CWebApplication->runController('user/data')
#14 C:\inetpub\wwwroot\yii\framework\base\CApplication.php(169): CWebApplication->processRequest()
#15 C:\inetpub\wwwroot\noc\index.php(13): CApplication->run()
#16 {main}
REQUEST_URI=/noc/index.php?r=user/data&draw=10&columns%5B0%5D%5Bdata%5D=0&columns%5B0%5D%5Bname%5D=id&columns%5B0%5D%5Bsearchable%5D=true&columns%5B0%5D%5Borderable%5D=true&columns%5B0%5D%5Bsearch%5D%5Bvalue%5D=&columns%5B0%5D%5Bsearch%5D%5Bregex%5D=false&columns%5B1%5D%5Bdata%5D=1&columns%5B1%5D%5Bname%5D=user_type_id&columns%5B1%5D%5Bsearchable%5D=true&columns%5B1%5D%5Borderable%5D=true&columns%5B1%5D%5Bsearch%5D%5Bvalue%5D=&columns%5B1%5D%5Bsearch%5D%5Bregex%5D=false&columns%5B2%5D%5Bdata%5D=2&columns%5B2%5D%5Bname%5D=user_name&columns%5B2%5D%5Bsearchable%5D=true&columns%5B2%5D%5Borderable%5D=true&columns%5B2%5D%5Bsearch%5D%5Bvalue%5D=&columns%5B2%5D%5Bsearch%5D%5Bregex%5D=false&columns%5B3%5D%5Bdata%5D=3&columns%5B3%5D%5Bname%5D=first_name&columns%5B3%5D%5Bsearchable%5D=true&columns%5B3%5D%5Borderable%5D=true&columns%5B3%5D%5Bsearch%5D%5Bvalue%5D=&columns%5B3%5D%5Bsearch%5D%5Bregex%5D=false&columns%5B4%5D%5Bdata%5D=4&columns%5B4%5D%5Bname%5D=last_name&columns%5B4%5D%5Bsearchable%5D=true&columns%5B4%5D%5Borderable%5D=true&columns%5B4%5D%5Bsearch%5D%5Bvalue%5D=&columns%5B4%5D%5Bsearch%5D%5Bregex%5D=false&columns%5B5%5D%5Bdata%5D=5&columns%5B5%5D%5Bname%5D=status&columns%5B5%5D%5Bsearchable%5D=true&columns%5B5%5D%5Borderable%5D=true&columns%5B5%5D%5Bsearch%5D%5Bvalue%5D=&columns%5B5%5D%5Bsearch%5D%5Bregex%5D=false&order%5B0%5D%5Bcolumn%5D=2&order%5B0%5D%5Bdir%5D=asc&start=0&length=10&search%5Bvalue%5D=&search%5Bregex%5D=false&_=1401189233986
---
2014/05/27 19:55:48 [error] [exception.CException] exception 'CException' with message 'Property "CActiveDataProvider.countCriteria" is not defined.' in C:\inetpub\wwwroot\yii\framework\base\CComponent.php:173
Stack trace:
#0 C:\inetpub\wwwroot\yii\framework\web\CActiveDataProvider.php(83): CComponent->__set('countCriteria', Array)
#1 C:\inetpub\wwwroot\noc\protected\models\User.php(187): CActiveDataProvider->__construct(Object(User), Array)
#2 C:\inetpub\wwwroot\noc\protected\controllers\UserController.php(52): User->data('2', 'asc', '10', '0')
#3 C:\inetpub\wwwroot\yii\framework\web\actions\CInlineAction.php(49): UserController->actionData()
#4 C:\inetpub\wwwroot\yii\framework\web\CController.php(308): CInlineAction->runWithParams(Array)
#5 C:\inetpub\wwwroot\yii\framework\web\filters\CFilterChain.php(133): CController->runAction(Object(CInlineAction))
#6 C:\inetpub\wwwroot\yii\framework\web\filters\CFilter.php(40): CFilterChain->run()
#7 C:\inetpub\wwwroot\yii\framework\web\CController.php(1145): CFilter->filter(Object(CFilterChain))
#8 C:\inetpub\wwwroot\yii\framework\web\filters\CInlineFilter.php(58): CController->filterAccessControl(Object(CFilterChain))
#9 C:\inetpub\wwwroot\yii\framework\web\filters\CFilterChain.php(130): CInlineFilter->filter(Object(CFilterChain))
#10 C:\inetpub\wwwroot\yii\framework\web\CController.php(291): CFilterChain->run()
#11 C:\inetpub\wwwroot\yii\framework\web\CController.php(265): CController->runActionWithFilters(Object(CInlineAction), Array)
#12 C:\inetpub\wwwroot\yii\framework\web\CWebApplication.php(282): CController->run('data')
#13 C:\inetpub\wwwroot\yii\framework\web\CWebApplication.php(141): CWebApplication->runController('user/data')
#14 C:\inetpub\wwwroot\yii\framework\base\CApplication.php(169): CWebApplication->processRequest()
#15 C:\inetpub\wwwroot\noc\index.php(13): CApplication->run()
#16 {main}
REQUEST_URI=/noc/index.php?r=user/data&draw=10&columns%5B0%5D%5Bdata%5D=0&columns%5B0%5D%5Bname%5D=id&columns%5B0%5D%5Bsearchable%5D=true&columns%5B0%5D%5Borderable%5D=true&columns%5B0%5D%5Bsearch%5D%5Bvalue%5D=&columns%5B0%5D%5Bsearch%5D%5Bregex%5D=false&columns%5B1%5D%5Bdata%5D=1&columns%5B1%5D%5Bname%5D=user_type_id&columns%5B1%5D%5Bsearchable%5D=true&columns%5B1%5D%5Borderable%5D=true&columns%5B1%5D%5Bsearch%5D%5Bvalue%5D=&columns%5B1%5D%5Bsearch%5D%5Bregex%5D=false&columns%5B2%5D%5Bdata%5D=2&columns%5B2%5D%5Bname%5D=user_name&columns%5B2%5D%5Bsearchable%5D=true&columns%5B2%5D%5Borderable%5D=true&columns%5B2%5D%5Bsearch%5D%5Bvalue%5D=&columns%5B2%5D%5Bsearch%5D%5Bregex%5D=false&columns%5B3%5D%5Bdata%5D=3&columns%5B3%5D%5Bname%5D=first_name&columns%5B3%5D%5Bsearchable%5D=true&columns%5B3%5D%5Borderable%5D=true&columns%5B3%5D%5Bsearch%5D%5Bvalue%5D=&columns%5B3%5D%5Bsearch%5D%5Bregex%5D=false&columns%5B4%5D%5Bdata%5D=4&columns%5B4%5D%5Bname%5D=last_name&columns%5B4%5D%5Bsearchable%5D=true&columns%5B4%5D%5Borderable%5D=true&columns%5B4%5D%5Bsearch%5D%5Bvalue%5D=&columns%5B4%5D%5Bsearch%5D%5Bregex%5D=false&columns%5B5%5D%5Bdata%5D=5&columns%5B5%5D%5Bname%5D=status&columns%5B5%5D%5Bsearchable%5D=true&columns%5B5%5D%5Borderable%5D=true&columns%5B5%5D%5Bsearch%5D%5Bvalue%5D=&columns%5B5%5D%5Bsearch%5D%5Bregex%5D=false&order%5B0%5D%5Bcolumn%5D=2&order%5B0%5D%5Bdir%5D=asc&start=0&length=10&search%5Bvalue%5D=&search%5Bregex%5D=false&_=1401189233986
---
2014/05/27 20:25:24 [error] [php] Undefined variable: form (C:\inetpub\wwwroot\noc\protected\views\user\_search.php:10)
Stack trace:
#0 C:\inetpub\wwwroot\yii\framework\web\CController.php(869): UserController->renderFile()
#1 C:\inetpub\wwwroot\noc\protected\views\user\admin.php(39): UserController->renderPartial()
#2 C:\inetpub\wwwroot\yii\framework\web\CBaseController.php(126): require()
#3 C:\inetpub\wwwroot\yii\framework\web\CBaseController.php(95): UserController->renderInternal()
#4 C:\inetpub\wwwroot\yii\framework\web\CController.php(869): UserController->renderFile()
#5 C:\inetpub\wwwroot\yii\framework\web\CController.php(782): UserController->renderPartial()
#6 C:\inetpub\wwwroot\noc\protected\controllers\UserController.php(174): UserController->render()
#7 C:\inetpub\wwwroot\yii\framework\web\actions\CInlineAction.php(49): UserController->actionAdmin()
#8 C:\inetpub\wwwroot\yii\framework\web\CController.php(308): CInlineAction->runWithParams()
#9 C:\inetpub\wwwroot\yii\framework\web\filters\CFilterChain.php(133): UserController->runAction()
#10 C:\inetpub\wwwroot\yii\framework\web\filters\CFilter.php(40): CFilterChain->run()
#11 C:\inetpub\wwwroot\yii\framework\web\CController.php(1145): CAccessControlFilter->filter()
#12 C:\inetpub\wwwroot\yii\framework\web\filters\CInlineFilter.php(58): UserController->filterAccessControl()
#13 C:\inetpub\wwwroot\yii\framework\web\filters\CFilterChain.php(130): CInlineFilter->filter()
#14 C:\inetpub\wwwroot\yii\framework\web\CController.php(291): CFilterChain->run()
#15 C:\inetpub\wwwroot\yii\framework\web\CController.php(265): UserController->runActionWithFilters()
#16 C:\inetpub\wwwroot\yii\framework\web\CWebApplication.php(282): UserController->run()
#17 C:\inetpub\wwwroot\yii\framework\web\CWebApplication.php(141): CWebApplication->runController()
#18 C:\inetpub\wwwroot\yii\framework\base\CApplication.php(169): CWebApplication->processRequest()
#19 C:\inetpub\wwwroot\noc\index.php(13): CWebApplication->run()
REQUEST_URI=/noc/index.php?r=user/admin
in C:\inetpub\wwwroot\noc\protected\views\user\_search.php (10)
in C:\inetpub\wwwroot\noc\protected\views\user\admin.php (39)
in C:\inetpub\wwwroot\noc\protected\controllers\UserController.php (174)
2014/05/28 15:15:58 [error] [exception.CException] exception 'CException' with message 'CActiveForm and its behaviors do not have a method or closure named "textFieldRow".' in C:\inetpub\wwwroot\yii\framework\base\CComponent.php:265
Stack trace:
#0 C:\inetpub\wwwroot\noc\protected\views\user\_form.php(35): CComponent->__call('textFieldRow', Array)
#1 C:\inetpub\wwwroot\noc\protected\views\user\_form.php(35): CActiveForm->textFieldRow(Object(User), 'user_type_id', Array)
#2 C:\inetpub\wwwroot\yii\framework\web\CBaseController.php(126): require('C:\inetpub\wwwr...')
#3 C:\inetpub\wwwroot\yii\framework\web\CBaseController.php(95): CBaseController->renderInternal('C:\inetpub\wwwr...', Array, true)
#4 C:\inetpub\wwwroot\yii\framework\web\CController.php(869): CBaseController->renderFile('C:\inetpub\wwwr...', Array, true)
#5 C:\inetpub\wwwroot\noc\protected\views\user\create.php(16): CController->renderPartial('_form', Array)
#6 C:\inetpub\wwwroot\yii\framework\web\CBaseController.php(126): require('C:\inetpub\wwwr...')
#7 C:\inetpub\wwwroot\yii\framework\web\CBaseController.php(95): CBaseController->renderInternal('C:\inetpub\wwwr...', Array, true)
#8 C:\inetpub\wwwroot\yii\framework\web\CController.php(869): CBaseController->renderFile('C:\inetpub\wwwr...', Array, true)
#9 C:\inetpub\wwwroot\yii\framework\web\CController.php(782): CController->renderPartial('create', Array, true)
#10 C:\inetpub\wwwroot\noc\protected\controllers\UserController.php(114): CController->render('create', Array)
#11 C:\inetpub\wwwroot\yii\framework\web\actions\CInlineAction.php(49): UserController->actionCreate()
#12 C:\inetpub\wwwroot\yii\framework\web\CController.php(308): CInlineAction->runWithParams(Array)
#13 C:\inetpub\wwwroot\yii\framework\web\filters\CFilterChain.php(133): CController->runAction(Object(CInlineAction))
#14 C:\inetpub\wwwroot\yii\framework\web\filters\CFilter.php(40): CFilterChain->run()
#15 C:\inetpub\wwwroot\yii\framework\web\CController.php(1145): CFilter->filter(Object(CFilterChain))
#16 C:\inetpub\wwwroot\yii\framework\web\filters\CInlineFilter.php(58): CController->filterAccessControl(Object(CFilterChain))
#17 C:\inetpub\wwwroot\yii\framework\web\filters\CFilterChain.php(130): CInlineFilter->filter(Object(CFilterChain))
#18 C:\inetpub\wwwroot\yii\framework\web\CController.php(291): CFilterChain->run()
#19 C:\inetpub\wwwroot\yii\framework\web\CController.php(265): CController->runActionWithFilters(Object(CInlineAction), Array)
#20 C:\inetpub\wwwroot\yii\framework\web\CWebApplication.php(282): CController->run('create')
#21 C:\inetpub\wwwroot\yii\framework\web\CWebApplication.php(141): CWebApplication->runController('user/create')
#22 C:\inetpub\wwwroot\yii\framework\base\CApplication.php(169): CWebApplication->processRequest()
#23 C:\inetpub\wwwroot\noc\index.php(13): CApplication->run()
#24 {main}
REQUEST_URI=/noc/index.php?r=user/create
---
2014/05/28 15:16:20 [error] [php] Use of undefined constant php - assumed 'php' (C:\inetpub\wwwroot\noc\protected\views\user\_form.php:44)
Stack trace:
#0 C:\inetpub\wwwroot\yii\framework\web\CController.php(869): UserController->renderFile()
#1 C:\inetpub\wwwroot\noc\protected\views\user\create.php(16): UserController->renderPartial()
#2 C:\inetpub\wwwroot\yii\framework\web\CBaseController.php(126): require()
#3 C:\inetpub\wwwroot\yii\framework\web\CBaseController.php(95): UserController->renderInternal()
#4 C:\inetpub\wwwroot\yii\framework\web\CController.php(869): UserController->renderFile()
#5 C:\inetpub\wwwroot\yii\framework\web\CController.php(782): UserController->renderPartial()
#6 C:\inetpub\wwwroot\noc\protected\controllers\UserController.php(114): UserController->render()
#7 C:\inetpub\wwwroot\yii\framework\web\actions\CInlineAction.php(49): UserController->actionCreate()
#8 C:\inetpub\wwwroot\yii\framework\web\CController.php(308): CInlineAction->runWithParams()
#9 C:\inetpub\wwwroot\yii\framework\web\filters\CFilterChain.php(133): UserController->runAction()
#10 C:\inetpub\wwwroot\yii\framework\web\filters\CFilter.php(40): CFilterChain->run()
#11 C:\inetpub\wwwroot\yii\framework\web\CController.php(1145): CAccessControlFilter->filter()
#12 C:\inetpub\wwwroot\yii\framework\web\filters\CInlineFilter.php(58): UserController->filterAccessControl()
#13 C:\inetpub\wwwroot\yii\framework\web\filters\CFilterChain.php(130): CInlineFilter->filter()
#14 C:\inetpub\wwwroot\yii\framework\web\CController.php(291): CFilterChain->run()
#15 C:\inetpub\wwwroot\yii\framework\web\CController.php(265): UserController->runActionWithFilters()
#16 C:\inetpub\wwwroot\yii\framework\web\CWebApplication.php(282): UserController->run()
#17 C:\inetpub\wwwroot\yii\framework\web\CWebApplication.php(141): CWebApplication->runController()
#18 C:\inetpub\wwwroot\yii\framework\base\CApplication.php(169): CWebApplication->processRequest()
#19 C:\inetpub\wwwroot\noc\index.php(13): CWebApplication->run()
REQUEST_URI=/noc/index.php?r=user/create
in C:\inetpub\wwwroot\noc\protected\views\user\_form.php (44)
in C:\inetpub\wwwroot\noc\protected\views\user\create.php (16)
in C:\inetpub\wwwroot\noc\protected\controllers\UserController.php (114)
